<?xml version="1.0" encoding="UTF-8"?>
<testng-results skipped="0" failed="1" ignored="2" total="4" passed="1">
  <reporter-output>
    <line>
      <![CDATA[Login as bank manager test executed]]>
    </line>
    <line>
      <![CDATA[<br>]]>
    </line>
    <line>
      <![CDATA[Add customer test executed]]>
    </line>
    <line>
      <![CDATA[<br>]]>
    </line>
    <line>
      <![CDATA[click to view screenshot]]>
    </line>
    <line>
      <![CDATA[<a target="_blank" href=Sat_Dec_19_15_26_52_IST_2020.jpg>Screenshot</a>]]>
    </line>
    <line>
      <![CDATA[<br>]]>
    </line>
    <line>
      <![CDATA[<br>]]>
    </line>
    <line>
      <![CDATA[<a target="_blank" href=Sat_Dec_19_15_26_52_IST_2020.jpg><img src=Sat_Dec_19_15_26_52_IST_2020.jpg height=200 width=400></img></a>]]>
    </line>
  </reporter-output>
  <suite name="All Test Suite" duration-ms="4846" started-at="2020-12-19T15:26:47 IST" finished-at="2020-12-19T15:26:52 IST">
    <groups>
    </groups>
    <test name="D:/AutomationCourse/DataDrivenFW" duration-ms="4846" started-at="2020-12-19T15:26:47 IST" finished-at="2020-12-19T15:26:52 IST">
      <class name="TestCases.BankManagerLoginTest">
        <test-method status="PASS" signature="setUp()[pri:0, instance:TestCases.BankManagerLoginTest@32910148]" name="setUp" is-config="true" duration-ms="14387" started-at="2020-12-19T15:26:33 IST" finished-at="2020-12-19T15:26:47 IST">
          <reporter-output>
          </reporter-output>
        </test-method> <!-- setUp -->
        <test-method status="PASS" signature="loginAsBankManager()[pri:0, instance:TestCases.BankManagerLoginTest@32910148]" name="loginAsBankManager" duration-ms="2382" started-at="2020-12-19T15:26:47 IST" finished-at="2020-12-19T15:26:49 IST">
          <reporter-output>
            <line>
              <![CDATA[Login as bank manager test executed]]>
            </line>
            <line>
              <![CDATA[<br>]]>
            </line>
          </reporter-output>
        </test-method> <!-- loginAsBankManager -->
        <test-method status="PASS" signature="tearDown()[pri:0, instance:TestCases.BankManagerLoginTest@32910148]" name="tearDown" is-config="true" duration-ms="783" started-at="2020-12-19T15:26:52 IST" finished-at="2020-12-19T15:26:53 IST">
          <reporter-output>
          </reporter-output>
        </test-method> <!-- tearDown -->
      </class> <!-- TestCases.BankManagerLoginTest -->
      <class name="TestCases.AddCustomerTest">
        <test-method status="FAIL" signature="addCustomer(java.lang.String, java.lang.String, java.lang.String, java.lang.String)[pri:0, instance:TestCases.AddCustomerTest@3f56875e]" name="addCustomer" duration-ms="1763" started-at="2020-12-19T15:26:50 IST" data-provider="getData" finished-at="2020-12-19T15:26:51 IST">
          <params>
            <param index="0">
              <value>
                <![CDATA[Raman]]>
              </value>
            </param>
            <param index="1">
              <value>
                <![CDATA[Aruna]]>
              </value>
            </param>
            <param index="2">
              <value>
                <![CDATA[431005.0]]>
              </value>
            </param>
            <param index="3">
              <value>
                <![CDATA[Customer added successfully]]>
              </value>
            </param>
          </params>
          <exception class="java.lang.AssertionError">
            <message>
              <![CDATA[add customer test failed]]>
            </message>
            <full-stacktrace>
              <![CDATA[java.lang.AssertionError: add customer test failed
at org.junit.Assert.fail(Assert.java:88)
at TestCases.AddCustomerTest.addCustomer(AddCustomerTest.java:27)
at sun.reflect.NativeMethodAccessorImpl.invoke0(Native Method)
at sun.reflect.NativeMethodAccessorImpl.invoke(NativeMethodAccessorImpl.java:62)
at sun.reflect.DelegatingMethodAccessorImpl.invoke(DelegatingMethodAccessorImpl.java:43)
at java.lang.reflect.Method.invoke(Method.java:498)
at org.testng.internal.MethodInvocationHelper.invokeMethod(MethodInvocationHelper.java:132)
at org.testng.internal.TestInvoker.invokeMethod(TestInvoker.java:599)
at org.testng.internal.TestInvoker.invokeTestMethod(TestInvoker.java:174)
at org.testng.internal.MethodRunner.runInSequence(MethodRunner.java:46)
at org.testng.internal.TestInvoker$MethodInvocationAgent.invoke(TestInvoker.java:822)
at org.testng.internal.TestInvoker.invokeTestMethods(TestInvoker.java:147)
at org.testng.internal.TestMethodWorker.invokeTestMethods(TestMethodWorker.java:146)
at org.testng.internal.TestMethodWorker.run(TestMethodWorker.java:128)
at java.util.ArrayList.forEach(ArrayList.java:1259)
at org.testng.TestRunner.privateRun(TestRunner.java:764)
at org.testng.TestRunner.run(TestRunner.java:585)
at org.testng.SuiteRunner.runTest(SuiteRunner.java:384)
at org.testng.SuiteRunner.runSequentially(SuiteRunner.java:378)
at org.testng.SuiteRunner.privateRun(SuiteRunner.java:337)
at org.testng.SuiteRunner.run(SuiteRunner.java:286)
at org.testng.SuiteRunnerWorker.runSuite(SuiteRunnerWorker.java:53)
at org.testng.SuiteRunnerWorker.run(SuiteRunnerWorker.java:96)
at org.testng.TestNG.runSuitesSequentially(TestNG.java:1218)
at org.testng.TestNG.runSuitesLocally(TestNG.java:1140)
at org.testng.TestNG.runSuites(TestNG.java:1069)
at org.testng.TestNG.run(TestNG.java:1037)
at org.apache.maven.surefire.testng.TestNGExecutor.run(TestNGExecutor.java:283)
at org.apache.maven.surefire.testng.TestNGXmlTestSuite.execute(TestNGXmlTestSuite.java:75)
at org.apache.maven.surefire.testng.TestNGProvider.invoke(TestNGProvider.java:120)
at org.apache.maven.surefire.booter.ForkedBooter.invokeProviderInSameClassLoader(ForkedBooter.java:379)
at org.apache.maven.surefire.booter.ForkedBooter.runSuitesInProcess(ForkedBooter.java:340)
at org.apache.maven.surefire.booter.ForkedBooter.execute(ForkedBooter.java:125)
at org.apache.maven.surefire.booter.ForkedBooter.main(ForkedBooter.java:413)
]]>
            </full-stacktrace>
          </exception> <!-- java.lang.AssertionError -->
          <reporter-output>
            <line>
              <![CDATA[Add customer test executed]]>
            </line>
            <line>
              <![CDATA[<br>]]>
            </line>
            <line>
              <![CDATA[click to view screenshot]]>
            </line>
            <line>
              <![CDATA[<a target="_blank" href=Sat_Dec_19_15_26_52_IST_2020.jpg>Screenshot</a>]]>
            </line>
            <line>
              <![CDATA[<br>]]>
            </line>
            <line>
              <![CDATA[<br>]]>
            </line>
            <line>
              <![CDATA[<a target="_blank" href=Sat_Dec_19_15_26_52_IST_2020.jpg><img src=Sat_Dec_19_15_26_52_IST_2020.jpg height=200 width=400></img></a>]]>
            </line>
          </reporter-output>
        </test-method> <!-- addCustomer -->
      </class> <!-- TestCases.AddCustomerTest -->
    </test> <!-- D:/AutomationCourse/DataDrivenFW -->
  </suite> <!-- All Test Suite -->
</testng-results>
